<?xml version="1.0" encoding="UTF-8"?>
<!-- Generated by org.testng.reporters.JUnitXMLReporter -->
<testsuite hostname="saktsund" ignored="8" name="Default test" tests="1" failures="0" timestamp="09 Jul 2020 05:42:41 GMT" time="21.804" errors="0">
  <testcase name="complete_lesson" time="9.102" classname="sdet_Selenium_Project.LMS_Test"/>
  <testcase name="Verifywebsiteheading" time="0.0" classname="sdet_Selenium_Project.LMS_Test">
    <ignored/>
  </testcase> <!-- Verifywebsiteheading -->
  <testcase name="contact_admin" time="0.0" classname="sdet_Selenium_Project.LMS_Test">
    <ignored/>
  </testcase> <!-- contact_admin -->
  <testcase name="verify_Second_popular" time="0.0" classname="sdet_Selenium_Project.LMS_Test">
    <ignored/>
  </testcase> <!-- verify_Second_popular -->
  <testcase name="countcourses" time="0.0" classname="sdet_Selenium_Project.LMS_Test">
    <ignored/>
  </testcase> <!-- countcourses -->
  <testcase name="Logintoaccount" time="0.0" classname="sdet_Selenium_Project.LMS_Test">
    <ignored/>
  </testcase> <!-- Logintoaccount -->
  <testcase name="verifyfirsttitle" time="0.0" classname="sdet_Selenium_Project.LMS_Test">
    <ignored/>
  </testcase> <!-- verifyfirsttitle -->
  <testcase name="VerfiywebsiteTitle" time="0.0" classname="sdet_Selenium_Project.LMS_Test">
    <ignored/>
  </testcase> <!-- VerfiywebsiteTitle -->
  <testcase name="Navigate_to_Other_Page" time="0.0" classname="sdet_Selenium_Project.LMS_Test">
    <ignored/>
  </testcase> <!-- Navigate_to_Other_Page -->
</testsuite> <!-- Default test -->
