<?xml version="1.0" encoding="UTF-8"?>
<!-- Generated by org.testng.reporters.JUnitXMLReporter -->
<testsuite hostname="saktsund" ignored="3" name="HomePage Testing" tests="6" failures="0" timestamp="09 Jul 2020 05:46:28 GMT" time="78.64" errors="0">
  <testcase name="contact_admin" time="2.712" classname="sdet_Selenium_Project.LMS_Test"/>
  <testcase name="countcourses" time="0.809" classname="sdet_Selenium_Project.LMS_Test"/>
  <testcase name="verify_Second_popular" time="0.037" classname="sdet_Selenium_Project.LMS_Test"/>
  <testcase name="verifyfirsttitle" time="0.033" classname="sdet_Selenium_Project.LMS_Test"/>
  <testcase name="Verifywebsiteheading" time="0.031" classname="sdet_Selenium_Project.LMS_Test"/>
  <testcase name="VerfiywebsiteTitle" time="0.006" classname="sdet_Selenium_Project.LMS_Test"/>
  <testcase name="Logintoaccount" time="0.0" classname="sdet_Selenium_Project.LMS_Test">
    <ignored/>
  </testcase> <!-- Logintoaccount -->
  <testcase name="Navigate_to_Other_Page" time="0.0" classname="sdet_Selenium_Project.LMS_Test">
    <ignored/>
  </testcase> <!-- Navigate_to_Other_Page -->
  <testcase name="complete_lesson" time="0.0" classname="sdet_Selenium_Project.LMS_Test">
    <ignored/>
  </testcase> <!-- complete_lesson -->
</testsuite> <!-- HomePage Testing -->
