<?xml version="1.0" encoding="UTF-8"?>
<!-- Generated by org.testng.reporters.JUnitXMLReporter -->
<testsuite hostname="saktsund" ignored="6" name="My Account Testing" tests="3" failures="0" timestamp="09 Jul 2020 05:47:30 GMT" time="61.916" errors="0">
  <testcase name="complete_lesson" time="13.15" classname="sdet_Selenium_Project.LMS_Test"/>
  <testcase name="Navigate_to_Other_Page" time="0.835" classname="sdet_Selenium_Project.LMS_Test"/>
  <testcase name="Logintoaccount" time="8.209" classname="sdet_Selenium_Project.LMS_Test"/>
  <testcase name="Verifywebsiteheading" time="0.0" classname="sdet_Selenium_Project.LMS_Test">
    <ignored/>
  </testcase> <!-- Verifywebsiteheading -->
  <testcase name="contact_admin" time="0.0" classname="sdet_Selenium_Project.LMS_Test">
    <ignored/>
  </testcase> <!-- contact_admin -->
  <testcase name="verify_Second_popular" time="0.0" classname="sdet_Selenium_Project.LMS_Test">
    <ignored/>
  </testcase> <!-- verify_Second_popular -->
  <testcase name="countcourses" time="0.0" classname="sdet_Selenium_Project.LMS_Test">
    <ignored/>
  </testcase> <!-- countcourses -->
  <testcase name="verifyfirsttitle" time="0.0" classname="sdet_Selenium_Project.LMS_Test">
    <ignored/>
  </testcase> <!-- verifyfirsttitle -->
  <testcase name="VerfiywebsiteTitle" time="0.0" classname="sdet_Selenium_Project.LMS_Test">
    <ignored/>
  </testcase> <!-- VerfiywebsiteTitle -->
</testsuite> <!-- My Account Testing -->
